INFO RMI TCP Connection(3)-127.0.0.1 [2017-04-19 09:19:09] org.springframework.web.context.ContextLoader.initWebApplicationContext(ContextLoader.java:344) : Root WebApplicationContext: initialization completed in 14390 ms
INFO http-nio-8080-exec-5 [2017-04-19 09:23:29] org.springframework.web.servlet.FrameworkServlet.initServletBean(FrameworkServlet.java:489) : FrameworkServlet 'springMVC': initialization started
INFO http-nio-8080-exec-5 [2017-04-19 09:23:29] org.springframework.context.support.AbstractApplicationContext.prepareRefresh(AbstractApplicationContext.java:582) : Refreshing WebApplicationContext for namespace 'springMVC-servlet': startup date [Wed Apr 19 09:23:29 CST 2017]; parent: Root WebApplicationContext
INFO http-nio-8080-exec-5 [2017-04-19 09:23:29] org.springframework.beans.factory.xml.XmlBeanDefinitionReader.loadBeanDefinitions(XmlBeanDefinitionReader.java:317) : Loading XML bean definitions from class path resource [application-servlet.xml]
INFO http-nio-8080-exec-5 [2017-04-19 09:23:30] org.springframework.web.servlet.handler.AbstractHandlerMethodMapping$MappingRegistry.register(AbstractHandlerMethodMapping.java:543) : Mapped "{[/savePhoneNum]}" onto public java.util.Map com.xiyoutest.Controller.getPhoneNumber.savePhoneNum(javax.servlet.http.HttpServletRequest,javax.servlet.http.HttpServletResponse,java.lang.String,java.lang.String)
INFO http-nio-8080-exec-5 [2017-04-19 09:23:30] org.springframework.web.servlet.handler.AbstractHandlerMethodMapping$MappingRegistry.register(AbstractHandlerMethodMapping.java:543) : Mapped "{[/sendMessage]}" onto public java.util.Map com.xiyoutest.Controller.getPhoneNumber.sendMessage(javax.servlet.http.HttpServletRequest,javax.servlet.http.HttpServletResponse,java.lang.String)
INFO http-nio-8080-exec-5 [2017-04-19 09:23:30] org.springframework.web.servlet.mvc.method.annotation.RequestMappingHandlerAdapter.initControllerAdviceCache(RequestMappingHandlerAdapter.java:534) : Looking for @ControllerAdvice: WebApplicationContext for namespace 'springMVC-servlet': startup date [Wed Apr 19 09:23:29 CST 2017]; parent: Root WebApplicationContext
INFO http-nio-8080-exec-5 [2017-04-19 09:23:30] org.springframework.web.servlet.mvc.method.annotation.RequestMappingHandlerAdapter.initControllerAdviceCache(RequestMappingHandlerAdapter.java:534) : Looking for @ControllerAdvice: WebApplicationContext for namespace 'springMVC-servlet': startup date [Wed Apr 19 09:23:29 CST 2017]; parent: Root WebApplicationContext
INFO http-nio-8080-exec-5 [2017-04-19 09:23:30] org.springframework.web.servlet.handler.AbstractUrlHandlerMapping.registerHandler(AbstractUrlHandlerMapping.java:362) : Mapped URL path [/**] onto handler 'org.springframework.web.servlet.resource.DefaultServletHttpRequestHandler#0'
INFO http-nio-8080-exec-5 [2017-04-19 09:23:31] org.springframework.web.servlet.FrameworkServlet.initServletBean(FrameworkServlet.java:508) : FrameworkServlet 'springMVC': initialization completed in 1665 ms
INFO localhost-startStop-2 [2017-04-19 09:26:33] org.springframework.context.support.AbstractApplicationContext.doClose(AbstractApplicationContext.java:987) : Closing WebApplicationContext for namespace 'springMVC-servlet': startup date [Wed Apr 19 09:23:29 CST 2017]; parent: Root WebApplicationContext
INFO localhost-startStop-2 [2017-04-19 09:26:33] org.springframework.context.support.AbstractApplicationContext.doClose(AbstractApplicationContext.java:987) : Closing Root WebApplicationContext: startup date [Wed Apr 19 09:18:54 CST 2017]; root of context hierarchy
INFO RMI TCP Connection(3)-127.0.0.1 [2017-04-19 09:27:03] org.springframework.web.context.ContextLoader.initWebApplicationContext(ContextLoader.java:344) : Root WebApplicationContext: initialization completed in 5246 ms
INFO http-nio-8080-exec-5 [2017-04-19 09:27:13] org.springframework.web.servlet.FrameworkServlet.initServletBean(FrameworkServlet.java:489) : FrameworkServlet 'springMVC': initialization started
INFO http-nio-8080-exec-5 [2017-04-19 09:27:13] org.springframework.context.support.AbstractApplicationContext.prepareRefresh(AbstractApplicationContext.java:582) : Refreshing WebApplicationContext for namespace 'springMVC-servlet': startup date [Wed Apr 19 09:27:13 CST 2017]; parent: Root WebApplicationContext
INFO http-nio-8080-exec-5 [2017-04-19 09:27:13] org.springframework.beans.factory.xml.XmlBeanDefinitionReader.loadBeanDefinitions(XmlBeanDefinitionReader.java:317) : Loading XML bean definitions from class path resource [application-servlet.xml]
INFO http-nio-8080-exec-5 [2017-04-19 09:27:14] org.springframework.web.servlet.handler.AbstractHandlerMethodMapping$MappingRegistry.register(AbstractHandlerMethodMapping.java:543) : Mapped "{[/article/add]}" onto public java.util.Map com.xiyoutest.Controller.ArticleController.add(java.lang.String,java.lang.String,int,int,java.lang.String,java.sql.Timestamp,java.lang.Boolean)
INFO http-nio-8080-exec-5 [2017-04-19 09:27:14] org.springframework.web.servlet.handler.AbstractHandlerMethodMapping$MappingRegistry.register(AbstractHandlerMethodMapping.java:543) : Mapped "{[/article/delete]}" onto public java.util.Map com.xiyoutest.Controller.ArticleController.delete(int)
INFO http-nio-8080-exec-5 [2017-04-19 09:27:14] org.springframework.web.servlet.handler.AbstractHandlerMethodMapping$MappingRegistry.register(AbstractHandlerMethodMapping.java:543) : Mapped "{[/sendMessage]}" onto public java.util.Map com.xiyoutest.Controller.getPhoneNumber.sendMessage(javax.servlet.http.HttpServletRequest,javax.servlet.http.HttpServletResponse,java.lang.String)
INFO http-nio-8080-exec-5 [2017-04-19 09:27:14] org.springframework.web.servlet.handler.AbstractHandlerMethodMapping$MappingRegistry.register(AbstractHandlerMethodMapping.java:543) : Mapped "{[/savePhoneNum]}" onto public java.util.Map com.xiyoutest.Controller.getPhoneNumber.savePhoneNum(javax.servlet.http.HttpServletRequest,javax.servlet.http.HttpServletResponse,java.lang.String,java.lang.String)
INFO http-nio-8080-exec-5 [2017-04-19 09:27:14] org.springframework.web.servlet.mvc.method.annotation.RequestMappingHandlerAdapter.initControllerAdviceCache(RequestMappingHandlerAdapter.java:534) : Looking for @ControllerAdvice: WebApplicationContext for namespace 'springMVC-servlet': startup date [Wed Apr 19 09:27:13 CST 2017]; parent: Root WebApplicationContext
INFO http-nio-8080-exec-5 [2017-04-19 09:27:15] org.springframework.web.servlet.mvc.method.annotation.RequestMappingHandlerAdapter.initControllerAdviceCache(RequestMappingHandlerAdapter.java:534) : Looking for @ControllerAdvice: WebApplicationContext for namespace 'springMVC-servlet': startup date [Wed Apr 19 09:27:13 CST 2017]; parent: Root WebApplicationContext
INFO http-nio-8080-exec-5 [2017-04-19 09:27:15] org.springframework.web.servlet.handler.AbstractUrlHandlerMapping.registerHandler(AbstractUrlHandlerMapping.java:362) : Mapped URL path [/**] onto handler 'org.springframework.web.servlet.resource.DefaultServletHttpRequestHandler#0'
INFO http-nio-8080-exec-5 [2017-04-19 09:27:15] org.springframework.web.servlet.FrameworkServlet.initServletBean(FrameworkServlet.java:508) : FrameworkServlet 'springMVC': initialization completed in 2214 ms
INFO localhost-startStop-2 [2017-04-19 15:43:55] org.springframework.context.support.AbstractApplicationContext.doClose(AbstractApplicationContext.java:987) : Closing WebApplicationContext for namespace 'springMVC-servlet': startup date [Wed Apr 19 09:27:13 CST 2017]; parent: Root WebApplicationContext
INFO localhost-startStop-2 [2017-04-19 15:43:55] org.springframework.context.support.AbstractApplicationContext.doClose(AbstractApplicationContext.java:987) : Closing Root WebApplicationContext: startup date [Wed Apr 19 09:26:58 CST 2017]; root of context hierarchy
INFO RMI TCP Connection(3)-127.0.0.1 [2017-04-19 16:48:43] org.springframework.web.context.ContextLoader.initWebApplicationContext(ContextLoader.java:344) : Root WebApplicationContext: initialization completed in 5822 ms
INFO localhost-startStop-2 [2017-04-19 17:22:24] org.springframework.context.support.AbstractApplicationContext.doClose(AbstractApplicationContext.java:987) : Closing Root WebApplicationContext: startup date [Wed Apr 19 16:48:37 CST 2017]; root of context hierarchy
INFO RMI TCP Connection(3)-127.0.0.1 [2017-04-19 17:22:49] org.springframework.web.context.ContextLoader.initWebApplicationContext(ContextLoader.java:344) : Root WebApplicationContext: initialization completed in 6216 ms
INFO localhost-startStop-2 [2017-04-19 17:25:47] org.springframework.context.support.AbstractApplicationContext.doClose(AbstractApplicationContext.java:987) : Closing Root WebApplicationContext: startup date [Wed Apr 19 17:22:43 CST 2017]; root of context hierarchy
INFO RMI TCP Connection(3)-127.0.0.1 [2017-04-19 17:26:16] org.springframework.web.context.ContextLoader.initWebApplicationContext(ContextLoader.java:344) : Root WebApplicationContext: initialization completed in 9018 ms
INFO localhost-startStop-2 [2017-04-19 18:18:02] org.springframework.context.support.AbstractApplicationContext.doClose(AbstractApplicationContext.java:987) : Closing Root WebApplicationContext: startup date [Wed Apr 19 17:26:07 CST 2017]; root of context hierarchy
INFO RMI TCP Connection(3)-127.0.0.1 [2017-04-19 19:54:02] org.springframework.web.context.ContextLoader.initWebApplicationContext(ContextLoader.java:344) : Root WebApplicationContext: initialization completed in 7074 ms
INFO localhost-startStop-2 [2017-04-19 20:15:01] org.springframework.context.support.AbstractApplicationContext.doClose(AbstractApplicationContext.java:987) : Closing Root WebApplicationContext: startup date [Wed Apr 19 19:53:55 CST 2017]; root of context hierarchy
INFO RMI TCP Connection(3)-127.0.0.1 [2017-04-19 20:15:47] org.springframework.web.context.ContextLoader.initWebApplicationContext(ContextLoader.java:344) : Root WebApplicationContext: initialization completed in 24245 ms
INFO localhost-startStop-2 [2017-04-19 20:16:05] org.springframework.context.support.AbstractApplicationContext.doClose(AbstractApplicationContext.java:987) : Closing Root WebApplicationContext: startup date [Wed Apr 19 20:15:23 CST 2017]; root of context hierarchy
