INFO RMI TCP Connection(2)-127.0.0.1 [2017-04-14 18:07:04] org.springframework.web.context.ContextLoader.initWebApplicationContext(ContextLoader.java:344) : Root WebApplicationContext: initialization completed in 5372 ms
INFO http-nio-8080-exec-6 [2017-04-14 18:07:16] org.springframework.web.servlet.FrameworkServlet.initServletBean(FrameworkServlet.java:489) : FrameworkServlet 'springMVC': initialization started
INFO http-nio-8080-exec-6 [2017-04-14 18:07:16] org.springframework.context.support.AbstractApplicationContext.prepareRefresh(AbstractApplicationContext.java:582) : Refreshing WebApplicationContext for namespace 'springMVC-servlet': startup date [Fri Apr 14 18:07:16 CST 2017]; parent: Root WebApplicationContext
INFO http-nio-8080-exec-6 [2017-04-14 18:07:16] org.springframework.beans.factory.xml.XmlBeanDefinitionReader.loadBeanDefinitions(XmlBeanDefinitionReader.java:317) : Loading XML bean definitions from class path resource [application-servlet.xml]
INFO http-nio-8080-exec-6 [2017-04-14 18:07:18] org.springframework.web.servlet.handler.AbstractHandlerMethodMapping$MappingRegistry.register(AbstractHandlerMethodMapping.java:543) : Mapped "{[/sendMessage]}" onto public java.util.Map com.xiyoutest.Controller.getPhoneNumber.sendMessage(javax.servlet.http.HttpServletRequest,javax.servlet.http.HttpServletResponse,java.lang.String)
INFO http-nio-8080-exec-6 [2017-04-14 18:07:19] org.springframework.web.servlet.mvc.method.annotation.RequestMappingHandlerAdapter.initControllerAdviceCache(RequestMappingHandlerAdapter.java:534) : Looking for @ControllerAdvice: WebApplicationContext for namespace 'springMVC-servlet': startup date [Fri Apr 14 18:07:16 CST 2017]; parent: Root WebApplicationContext
INFO http-nio-8080-exec-6 [2017-04-14 18:07:19] org.springframework.web.servlet.mvc.method.annotation.RequestMappingHandlerAdapter.initControllerAdviceCache(RequestMappingHandlerAdapter.java:534) : Looking for @ControllerAdvice: WebApplicationContext for namespace 'springMVC-servlet': startup date [Fri Apr 14 18:07:16 CST 2017]; parent: Root WebApplicationContext
INFO http-nio-8080-exec-6 [2017-04-14 18:07:19] org.springframework.web.servlet.handler.AbstractUrlHandlerMapping.registerHandler(AbstractUrlHandlerMapping.java:362) : Mapped URL path [/**] onto handler 'org.springframework.web.servlet.resource.DefaultServletHttpRequestHandler#0'
INFO http-nio-8080-exec-6 [2017-04-14 18:07:19] org.springframework.web.servlet.FrameworkServlet.initServletBean(FrameworkServlet.java:508) : FrameworkServlet 'springMVC': initialization completed in 2587 ms
INFO localhost-startStop-2 [2017-04-14 18:17:16] org.springframework.context.support.AbstractApplicationContext.doClose(AbstractApplicationContext.java:987) : Closing WebApplicationContext for namespace 'springMVC-servlet': startup date [Fri Apr 14 18:07:16 CST 2017]; parent: Root WebApplicationContext
INFO localhost-startStop-2 [2017-04-14 18:17:16] org.springframework.context.support.AbstractApplicationContext.doClose(AbstractApplicationContext.java:987) : Closing Root WebApplicationContext: startup date [Fri Apr 14 18:06:58 CST 2017]; root of context hierarchy
INFO RMI TCP Connection(5)-127.0.0.1 [2017-04-14 18:17:50] org.springframework.web.context.ContextLoader.initWebApplicationContext(ContextLoader.java:344) : Root WebApplicationContext: initialization completed in 11697 ms
INFO http-nio-8080-exec-5 [2017-04-14 18:18:23] org.springframework.web.servlet.FrameworkServlet.initServletBean(FrameworkServlet.java:489) : FrameworkServlet 'springMVC': initialization started
INFO http-nio-8080-exec-5 [2017-04-14 18:18:23] org.springframework.context.support.AbstractApplicationContext.prepareRefresh(AbstractApplicationContext.java:582) : Refreshing WebApplicationContext for namespace 'springMVC-servlet': startup date [Fri Apr 14 18:18:23 CST 2017]; parent: Root WebApplicationContext
INFO http-nio-8080-exec-5 [2017-04-14 18:18:23] org.springframework.beans.factory.xml.XmlBeanDefinitionReader.loadBeanDefinitions(XmlBeanDefinitionReader.java:317) : Loading XML bean definitions from class path resource [application-servlet.xml]
INFO http-nio-8080-exec-5 [2017-04-14 18:18:23] org.springframework.web.servlet.handler.AbstractHandlerMethodMapping$MappingRegistry.register(AbstractHandlerMethodMapping.java:543) : Mapped "{[/savePhoneNum]}" onto public java.util.Map com.xiyoutest.Controller.getPhoneNumber.savePhoneNum(javax.servlet.http.HttpServletRequest,javax.servlet.http.HttpServletResponse,java.lang.String,java.lang.String)
INFO http-nio-8080-exec-5 [2017-04-14 18:18:23] org.springframework.web.servlet.handler.AbstractHandlerMethodMapping$MappingRegistry.register(AbstractHandlerMethodMapping.java:543) : Mapped "{[/sendMessage]}" onto public java.util.Map com.xiyoutest.Controller.getPhoneNumber.sendMessage(javax.servlet.http.HttpServletRequest,javax.servlet.http.HttpServletResponse,java.lang.String)
INFO http-nio-8080-exec-5 [2017-04-14 18:18:24] org.springframework.web.servlet.mvc.method.annotation.RequestMappingHandlerAdapter.initControllerAdviceCache(RequestMappingHandlerAdapter.java:534) : Looking for @ControllerAdvice: WebApplicationContext for namespace 'springMVC-servlet': startup date [Fri Apr 14 18:18:23 CST 2017]; parent: Root WebApplicationContext
INFO http-nio-8080-exec-5 [2017-04-14 18:18:27] org.springframework.web.servlet.mvc.method.annotation.RequestMappingHandlerAdapter.initControllerAdviceCache(RequestMappingHandlerAdapter.java:534) : Looking for @ControllerAdvice: WebApplicationContext for namespace 'springMVC-servlet': startup date [Fri Apr 14 18:18:23 CST 2017]; parent: Root WebApplicationContext
INFO http-nio-8080-exec-5 [2017-04-14 18:18:27] org.springframework.web.servlet.handler.AbstractUrlHandlerMapping.registerHandler(AbstractUrlHandlerMapping.java:362) : Mapped URL path [/**] onto handler 'org.springframework.web.servlet.resource.DefaultServletHttpRequestHandler#0'
INFO http-nio-8080-exec-5 [2017-04-14 18:18:27] org.springframework.web.servlet.FrameworkServlet.initServletBean(FrameworkServlet.java:508) : FrameworkServlet 'springMVC': initialization completed in 4261 ms
INFO localhost-startStop-2 [2017-04-14 18:39:41] org.springframework.context.support.AbstractApplicationContext.doClose(AbstractApplicationContext.java:987) : Closing WebApplicationContext for namespace 'springMVC-servlet': startup date [Fri Apr 14 18:18:23 CST 2017]; parent: Root WebApplicationContext
INFO localhost-startStop-2 [2017-04-14 18:39:41] org.springframework.context.support.AbstractApplicationContext.doClose(AbstractApplicationContext.java:987) : Closing Root WebApplicationContext: startup date [Fri Apr 14 18:17:39 CST 2017]; root of context hierarchy
INFO RMI TCP Connection(2)-127.0.0.1 [2017-04-14 19:45:28] org.springframework.web.context.ContextLoader.initWebApplicationContext(ContextLoader.java:344) : Root WebApplicationContext: initialization completed in 6978 ms
INFO localhost-startStop-2 [2017-04-14 19:48:59] org.springframework.context.support.AbstractApplicationContext.doClose(AbstractApplicationContext.java:987) : Closing Root WebApplicationContext: startup date [Fri Apr 14 19:45:21 CST 2017]; root of context hierarchy
INFO RMI TCP Connection(2)-127.0.0.1 [2017-04-14 19:49:30] org.springframework.web.context.ContextLoader.initWebApplicationContext(ContextLoader.java:344) : Root WebApplicationContext: initialization completed in 8430 ms
INFO http-nio-8080-exec-5 [2017-04-14 19:50:39] org.springframework.web.servlet.FrameworkServlet.initServletBean(FrameworkServlet.java:489) : FrameworkServlet 'springMVC': initialization started
INFO http-nio-8080-exec-5 [2017-04-14 19:50:39] org.springframework.context.support.AbstractApplicationContext.prepareRefresh(AbstractApplicationContext.java:582) : Refreshing WebApplicationContext for namespace 'springMVC-servlet': startup date [Fri Apr 14 19:50:39 CST 2017]; parent: Root WebApplicationContext
INFO http-nio-8080-exec-5 [2017-04-14 19:50:39] org.springframework.beans.factory.xml.XmlBeanDefinitionReader.loadBeanDefinitions(XmlBeanDefinitionReader.java:317) : Loading XML bean definitions from class path resource [application-servlet.xml]
INFO http-nio-8080-exec-5 [2017-04-14 19:50:39] org.springframework.web.servlet.handler.AbstractHandlerMethodMapping$MappingRegistry.register(AbstractHandlerMethodMapping.java:543) : Mapped "{[/sendMessage]}" onto public java.util.Map com.xiyoutest.Controller.getPhoneNumber.sendMessage(javax.servlet.http.HttpServletRequest,javax.servlet.http.HttpServletResponse,java.lang.String)
INFO http-nio-8080-exec-5 [2017-04-14 19:50:39] org.springframework.web.servlet.handler.AbstractHandlerMethodMapping$MappingRegistry.register(AbstractHandlerMethodMapping.java:543) : Mapped "{[/savePhoneNum]}" onto public java.util.Map com.xiyoutest.Controller.getPhoneNumber.savePhoneNum(javax.servlet.http.HttpServletRequest,javax.servlet.http.HttpServletResponse,java.lang.String,java.lang.String)
INFO http-nio-8080-exec-5 [2017-04-14 19:50:40] org.springframework.web.servlet.mvc.method.annotation.RequestMappingHandlerAdapter.initControllerAdviceCache(RequestMappingHandlerAdapter.java:534) : Looking for @ControllerAdvice: WebApplicationContext for namespace 'springMVC-servlet': startup date [Fri Apr 14 19:50:39 CST 2017]; parent: Root WebApplicationContext
INFO http-nio-8080-exec-5 [2017-04-14 19:50:40] org.springframework.web.servlet.mvc.method.annotation.RequestMappingHandlerAdapter.initControllerAdviceCache(RequestMappingHandlerAdapter.java:534) : Looking for @ControllerAdvice: WebApplicationContext for namespace 'springMVC-servlet': startup date [Fri Apr 14 19:50:39 CST 2017]; parent: Root WebApplicationContext
INFO http-nio-8080-exec-5 [2017-04-14 19:50:40] org.springframework.web.servlet.handler.AbstractUrlHandlerMapping.registerHandler(AbstractUrlHandlerMapping.java:362) : Mapped URL path [/**] onto handler 'org.springframework.web.servlet.resource.DefaultServletHttpRequestHandler#0'
INFO http-nio-8080-exec-5 [2017-04-14 19:50:40] org.springframework.web.servlet.FrameworkServlet.initServletBean(FrameworkServlet.java:508) : FrameworkServlet 'springMVC': initialization completed in 1695 ms
INFO localhost-startStop-2 [2017-04-14 21:09:22] org.springframework.context.support.AbstractApplicationContext.doClose(AbstractApplicationContext.java:987) : Closing WebApplicationContext for namespace 'springMVC-servlet': startup date [Fri Apr 14 19:50:39 CST 2017]; parent: Root WebApplicationContext
INFO localhost-startStop-2 [2017-04-14 21:09:22] org.springframework.context.support.AbstractApplicationContext.doClose(AbstractApplicationContext.java:987) : Closing Root WebApplicationContext: startup date [Fri Apr 14 19:49:21 CST 2017]; root of context hierarchy
